<?xml version="1.0" encoding="UTF-8"?>
<testsuites name="learning - first test suite" time="44.28" tests="1" failures="0" errors="0">
   <testsuite name="learning - first test suite" tests="1" failures="0" errors="0" time="44.28" skipped="0" timestamp="30-06-2024T21:32:14" hostname="yogar - LAPTOP-CQOFK5P2" id="Test Suites/learning - first test suite">
      <properties>
         <property name="deviceName" value=""/>
         <property name="devicePlatform"/>
         <property name="logFolder" value="C:\\Users\\yogar\\git\\learning-katalon\\Reports\\20240630_213159\\learning - first test suite\\20240630_213159"/>
         <property name="logFiles" value="C:\\Users\\yogar\\git\\learning-katalon\\Reports\\20240630_213159\\learning - first test suite\\20240630_213159\\execution0.log"/>
         <property name="attachments" value="keyes\keyes-current_viewport_1.png, keyes\keyes-current_viewport_2.png, keyes\keyes-current_viewport_3.png, keyes\keyes-current_viewport_4.png, keyes\keyes-current_viewport_5.png, keyes\keyes-current_viewport_6.png, keyes\keyes-current_viewport_7.png, keyes\keyes-current_viewport_8.png, keyes\keyes-current_viewport_9.png, keyes\keyes-current_viewport_10.png, keyes\keyes-current_viewport_11.png, keyes\keyes-current_viewport_12.png"/>
         <property name="hostName" value="yogar - LAPTOP-CQOFK5P2"/>
         <property name="os" value="Windows 11 64bit"/>
         <property name="katalonVersion" value="9.5.0.217"/>
         <property name="browser" value="Chrome 126.0.0.0"/>
         <property name="hostAddress" value="192.168.1.11"/>
         <property name="sessionId" value="18263baadd42c4f80bc7acceffaf58e6"/>
         <property name="seleniumVersion" value="3.141.59"/>
         <property name="proxyInformation" value="ProxyInformation { proxyOption=NO_PROXY, proxyServerType=HTTP, username=, password=********, proxyServerAddress=, proxyServerPort=0, executionList=&quot;&quot;, isApplyToDesiredCapabilities=true }"/>
         <property name="platform" value="Windows 11"/>
      </properties>
      <testcase name="Test Cases/WEB/learning - first test case" time="43.727" classname="Test Cases/WEB/learning - first test case" status="PASSED">
         <system-out><![CDATA[30-06-2024T21:32:15 - [TEST_CASE][PASSED] - Test Cases/WEB/learning - first test case: Test Cases/WEB/learning - first test case

30-06-2024T21:32:15 - [TEST_STEP][PASSED] - openBrowser(""): Browser is opened with url: ''

30-06-2024T21:32:16 - [MESSAGE][INFO] - Starting 'Chrome' driver

30-06-2024T21:32:16 - [MESSAGE][INFO] - Action delay is set to 0 milliseconds

30-06-2024T21:32:20 - [MESSAGE][PASSED] - Browser is opened with url: ''

30-06-2024T21:32:20 - [TEST_STEP][PASSED] - navigateToUrl("https://katalon-demo-cura.herokuapp.com/"): Navigate to 'https://katalon-demo-cura.herokuapp.com/' successfully

30-06-2024T21:32:49 - [MESSAGE][PASSED] - Navigate to 'https://katalon-demo-cura.herokuapp.com/' successfully

30-06-2024T21:32:49 - [TEST_STEP][PASSED] - click(findTestObject("Object Repository/Page_CURA Healthcare Service/a_Make Appointment")): Object: 'Object Repository/Page_CURA Healthcare Service/a_Make Appointment' is clicked on

30-06-2024T21:32:50 - [MESSAGE][PASSED] - Object: 'Object Repository/Page_CURA Healthcare Service/a_Make Appointment' is clicked on

30-06-2024T21:32:50 - [TEST_STEP][PASSED] - takeScreenshotAsCheckpoint("current_viewport_1"): Taking screenshot successfully

30-06-2024T21:32:51 - [MESSAGE][INFO] - 0 hidden object(s)

30-06-2024T21:32:51 - [MESSAGE][PASSED] - Taking screenshot successfully
[[ATTACHMENT|keyes\keyes-current_viewport_1.png]]

30-06-2024T21:32:51 - [TEST_STEP][PASSED] - takeScreenshotAsCheckpoint("current_viewport_2"): Taking screenshot successfully

30-06-2024T21:32:52 - [MESSAGE][INFO] - 0 hidden object(s)

30-06-2024T21:32:52 - [MESSAGE][PASSED] - Taking screenshot successfully
[[ATTACHMENT|keyes\keyes-current_viewport_2.png]]

30-06-2024T21:32:52 - [TEST_STEP][PASSED] - takeScreenshotAsCheckpoint("current_viewport_3"): Taking screenshot successfully

30-06-2024T21:32:52 - [MESSAGE][INFO] - 0 hidden object(s)

30-06-2024T21:32:53 - [MESSAGE][PASSED] - Taking screenshot successfully
[[ATTACHMENT|keyes\keyes-current_viewport_3.png]]

30-06-2024T21:32:53 - [TEST_STEP][PASSED] - takeScreenshotAsCheckpoint("current_viewport_4"): Taking screenshot successfully

30-06-2024T21:32:53 - [MESSAGE][INFO] - 0 hidden object(s)

30-06-2024T21:32:53 - [MESSAGE][PASSED] - Taking screenshot successfully
[[ATTACHMENT|keyes\keyes-current_viewport_4.png]]

30-06-2024T21:32:53 - [TEST_STEP][PASSED] - takeScreenshotAsCheckpoint("current_viewport_5"): Taking screenshot successfully

30-06-2024T21:32:54 - [MESSAGE][INFO] - 0 hidden object(s)

30-06-2024T21:32:54 - [MESSAGE][PASSED] - Taking screenshot successfully
[[ATTACHMENT|keyes\keyes-current_viewport_5.png]]

30-06-2024T21:32:54 - [TEST_STEP][PASSED] - takeScreenshotAsCheckpoint("current_viewport_6"): Taking screenshot successfully

30-06-2024T21:32:54 - [MESSAGE][INFO] - 0 hidden object(s)

30-06-2024T21:32:54 - [MESSAGE][PASSED] - Taking screenshot successfully
[[ATTACHMENT|keyes\keyes-current_viewport_6.png]]

30-06-2024T21:32:54 - [TEST_STEP][PASSED] - takeScreenshotAsCheckpoint("current_viewport_7"): Taking screenshot successfully

30-06-2024T21:32:55 - [MESSAGE][INFO] - 0 hidden object(s)

30-06-2024T21:32:55 - [MESSAGE][PASSED] - Taking screenshot successfully
[[ATTACHMENT|keyes\keyes-current_viewport_7.png]]

30-06-2024T21:32:55 - [TEST_STEP][PASSED] - takeScreenshotAsCheckpoint("current_viewport_8"): Taking screenshot successfully

30-06-2024T21:32:55 - [MESSAGE][INFO] - 0 hidden object(s)

30-06-2024T21:32:55 - [MESSAGE][PASSED] - Taking screenshot successfully
[[ATTACHMENT|keyes\keyes-current_viewport_8.png]]

30-06-2024T21:32:55 - [TEST_STEP][PASSED] - takeScreenshotAsCheckpoint("current_viewport_9"): Taking screenshot successfully

30-06-2024T21:32:56 - [MESSAGE][INFO] - 0 hidden object(s)

30-06-2024T21:32:56 - [MESSAGE][PASSED] - Taking screenshot successfully
[[ATTACHMENT|keyes\keyes-current_viewport_9.png]]

30-06-2024T21:32:56 - [TEST_STEP][PASSED] - takeScreenshotAsCheckpoint("current_viewport_10"): Taking screenshot successfully

30-06-2024T21:32:56 - [MESSAGE][INFO] - 0 hidden object(s)

30-06-2024T21:32:57 - [MESSAGE][PASSED] - Taking screenshot successfully
[[ATTACHMENT|keyes\keyes-current_viewport_10.png]]

30-06-2024T21:32:57 - [TEST_STEP][PASSED] - takeScreenshotAsCheckpoint("current_viewport_11"): Taking screenshot successfully

30-06-2024T21:32:57 - [MESSAGE][INFO] - 0 hidden object(s)

30-06-2024T21:32:57 - [MESSAGE][PASSED] - Taking screenshot successfully
[[ATTACHMENT|keyes\keyes-current_viewport_11.png]]

30-06-2024T21:32:57 - [TEST_STEP][PASSED] - takeScreenshotAsCheckpoint("current_viewport_12"): Taking screenshot successfully

30-06-2024T21:32:58 - [MESSAGE][INFO] - 0 hidden object(s)

30-06-2024T21:32:58 - [MESSAGE][PASSED] - Taking screenshot successfully
[[ATTACHMENT|keyes\keyes-current_viewport_12.png]]

30-06-2024T21:32:58 - [TEST_STEP][PASSED] - closeBrowser(): Browser is closed

30-06-2024T21:32:58 - [MESSAGE][PASSED] - Browser is closed]]></system-out>
         <system-err><![CDATA[]]></system-err>
      </testcase>
      <system-out><![CDATA[30-06-2024T21:32:14 - [TEST_SUITE][PASSED] - learning - first test suite: Test Cases/WEB/learning - first test case]]></system-out>
      <system-err><![CDATA[]]></system-err>
   </testsuite>
</testsuites>
